{"/home/baroni/weather-app/src/App.jsx": {"path":"/home/baroni/weather-app/src/App.jsx","statementMap":{"0":{"start":{"line":4,"column":12},"end":{"line":21,"column":1}},"1":{"start":{"line":16,"column":2},"end":{"line":20,"column":3}}},"fnMap":{"0":{"name":"(anonymous_0)","decl":{"start":{"line":4,"column":12},"end":{"line":4,"column":13}},"loc":{"start":{"line":4,"column":18},"end":{"line":21,"column":1}},"line":4}},"branchMap":{},"s":{"0":1,"1":1},"f":{"0":1},"b":{},"_coverageSchema":"1a1c01bbd47fc00a2c39e90264f33305004495a9","hash":"c10ebe39589f8b71de3d0a300a9d51a05c8b5703"}
,"/home/baroni/weather-app/src/main.jsx": {"path":"/home/baroni/weather-app/src/main.jsx","statementMap":{"0":{"start":{"line":4,"column":0},"end":{"line":4,"column":68}}},"fnMap":{},"branchMap":{},"s":{"0":0},"f":{},"b":{}}
,"/home/baroni/weather-app/src/config/supabaseClient.js": {"path":"/home/baroni/weather-app/src/config/supabaseClient.js","statementMap":{"0":{"start":{"line":3,"column":20},"end":{"line":3,"column":53}},"1":{"start":{"line":4,"column":24},"end":{"line":4,"column":62}},"2":{"start":{"line":6,"column":24},"end":{"line":6,"column":66}}},"fnMap":{},"branchMap":{},"s":{"0":0,"1":0,"2":0},"f":{},"b":{}}
,"/home/baroni/weather-app/src/services/users.js": {"path":"/home/baroni/weather-app/src/services/users.js","statementMap":{"0":{"start":{"line":3,"column":21},"end":{"line":14,"column":1}},"1":{"start":{"line":4,"column":2},"end":{"line":13,"column":3}},"2":{"start":{"line":5,"column":25},"end":{"line":7,"column":53}},"3":{"start":{"line":9,"column":28},"end":{"line":9,"column":40}},"4":{"start":{"line":12,"column":4},"end":{"line":12,"column":22}},"5":{"start":{"line":18,"column":12},"end":{"line":20,"column":1}}},"fnMap":{"0":{"name":"(anonymous_0)","decl":{"start":{"line":3,"column":21},"end":{"line":3,"column":22}},"loc":{"start":{"line":3,"column":64},"end":{"line":14,"column":1}},"line":3}},"branchMap":{"0":{"loc":{"start":{"line":5,"column":25},"end":{"line":7,"column":53}},"type":"cond-expr","locations":[{"start":{"line":6,"column":6},"end":{"line":6,"column":53}},{"start":{"line":7,"column":6},"end":{"line":7,"column":53}}],"line":5}},"s":{"0":0,"1":0,"2":0,"3":0,"4":0,"5":0},"f":{"0":0},"b":{"0":[0,0]}}
}
